<?xml version="1.0" encoding="UTF-8"?>
<!-- Generated by org.testng.reporters.JUnitReportReporter -->
<testsuite hostname="SANDIP" failures="0" tests="1" name="P2_Module1_Test.TestClass" time="35.343" errors="0" timestamp="2023-09-20T21:02:56 IST" skipped="0">
  <testcase classname="P2_Module1_Test.TestClass" name="LoginToApp" time="35.343"/>
</testsuite> <!-- P2_Module1_Test.TestClass -->
